<?xml version="1.0" encoding="UTF-8"?>
<testng-results skipped="0" failed="0" ignored="0" total="5" passed="5">
  <reporter-output>
  </reporter-output>
  <suite name="Default suite" duration-ms="99783" started-at="2017-12-27T11:39:02Z" finished-at="2017-12-27T11:40:42Z">
    <groups>
    </groups>
    <test name="Default test" duration-ms="99783" started-at="2017-12-27T11:39:02Z" finished-at="2017-12-27T11:40:42Z">
      <class name="molcritpost.Test1">
        <test-method status="PASS" signature="test()[pri:0, instance:molcritpost.Test1@1786dec2]" name="test" duration-ms="29555" started-at="2017-12-27T17:09:02Z" finished-at="2017-12-27T17:09:32Z">
          <reporter-output>
          </reporter-output>
        </test-method> <!-- test -->
        <test-method status="PASS" signature="test()[pri:0, instance:molcritpost.Test1@1786dec2]" name="test" duration-ms="15010" started-at="2017-12-27T17:09:32Z" finished-at="2017-12-27T17:09:47Z">
          <reporter-output>
          </reporter-output>
        </test-method> <!-- test -->
        <test-method status="PASS" signature="test()[pri:0, instance:molcritpost.Test1@1786dec2]" name="test" duration-ms="17332" started-at="2017-12-27T17:09:47Z" finished-at="2017-12-27T17:10:04Z">
          <reporter-output>
          </reporter-output>
        </test-method> <!-- test -->
        <test-method status="PASS" signature="test()[pri:0, instance:molcritpost.Test1@1786dec2]" name="test" duration-ms="22876" started-at="2017-12-27T17:10:04Z" finished-at="2017-12-27T17:10:27Z">
          <reporter-output>
          </reporter-output>
        </test-method> <!-- test -->
        <test-method status="PASS" signature="test()[pri:0, instance:molcritpost.Test1@1786dec2]" name="test" duration-ms="14901" started-at="2017-12-27T17:10:27Z" finished-at="2017-12-27T17:10:42Z">
          <reporter-output>
          </reporter-output>
        </test-method> <!-- test -->
      </class> <!-- molcritpost.Test1 -->
    </test> <!-- Default test -->
  </suite> <!-- Default suite -->
</testng-results>
