<?xml version="1.0" encoding="UTF-8"?>
<testng-results skipped="0" failed="0" ignored="0" total="3" passed="3">
  <reporter-output>
  </reporter-output>
  <suite name="Suite" duration-ms="49660" started-at="2017-11-16T05:54:07Z" finished-at="2017-11-16T05:54:57Z">
    <groups>
    </groups>
    <test name="Test" duration-ms="49660" started-at="2017-11-16T05:54:07Z" finished-at="2017-11-16T05:54:57Z">
      <class name="com.kritpost.tests.OwnerEditingCampaign_Test">
        <test-method status="PASS" signature="preCondition()[pri:0, instance:com.kritpost.tests.OwnerEditingCampaign_Test@5442a311]" name="preCondition" is-config="true" duration-ms="5082" started-at="2017-11-16T11:24:24Z" finished-at="2017-11-16T11:24:29Z">
          <reporter-output>
          </reporter-output>
        </test-method> <!-- preCondition -->
        <test-method status="PASS" signature="loginTest()[pri:0, instance:com.kritpost.tests.OwnerEditingCampaign_Test@5442a311]" name="loginTest" is-config="true" duration-ms="2586" started-at="2017-11-16T11:24:29Z" finished-at="2017-11-16T11:24:32Z">
          <reporter-output>
          </reporter-output>
        </test-method> <!-- loginTest -->
        <test-method status="PASS" signature="edit()[pri:0, instance:com.kritpost.tests.OwnerEditingCampaign_Test@5442a311]" name="edit" duration-ms="7192" started-at="2017-11-16T11:24:32Z" finished-at="2017-11-16T11:24:39Z">
          <reporter-output>
          </reporter-output>
        </test-method> <!-- edit -->
        <test-method status="PASS" signature="logoutTest()[pri:0, instance:com.kritpost.tests.OwnerEditingCampaign_Test@5442a311]" name="logoutTest" is-config="true" duration-ms="428" started-at="2017-11-16T11:24:39Z" finished-at="2017-11-16T11:24:39Z">
          <reporter-output>
          </reporter-output>
        </test-method> <!-- logoutTest -->
        <test-method status="PASS" signature="postConditions()[pri:0, instance:com.kritpost.tests.OwnerEditingCampaign_Test@5442a311]" name="postConditions" is-config="true" duration-ms="367" started-at="2017-11-16T11:24:39Z" finished-at="2017-11-16T11:24:40Z">
          <reporter-output>
          </reporter-output>
        </test-method> <!-- postConditions -->
      </class> <!-- com.kritpost.tests.OwnerEditingCampaign_Test -->
      <class name="com.kritpost.tests.OwnerCreatingCampaign_Test">
        <test-method status="PASS" signature="preCondition()[pri:0, instance:com.kritpost.tests.OwnerCreatingCampaign_Test@53b32d7]" name="preCondition" is-config="true" duration-ms="7175" started-at="2017-11-16T11:24:07Z" finished-at="2017-11-16T11:24:14Z">
          <reporter-output>
          </reporter-output>
        </test-method> <!-- preCondition -->
        <test-method status="PASS" signature="loginTest()[pri:0, instance:com.kritpost.tests.OwnerCreatingCampaign_Test@53b32d7]" name="loginTest" is-config="true" duration-ms="2254" started-at="2017-11-16T11:24:14Z" finished-at="2017-11-16T11:24:16Z">
          <reporter-output>
          </reporter-output>
        </test-method> <!-- loginTest -->
        <test-method status="PASS" signature="creatingCampaign()[pri:0, instance:com.kritpost.tests.OwnerCreatingCampaign_Test@53b32d7]" name="creatingCampaign" duration-ms="6958" started-at="2017-11-16T11:24:16Z" finished-at="2017-11-16T11:24:23Z">
          <reporter-output>
          </reporter-output>
        </test-method> <!-- creatingCampaign -->
        <test-method status="PASS" signature="logoutTest()[pri:0, instance:com.kritpost.tests.OwnerCreatingCampaign_Test@53b32d7]" name="logoutTest" is-config="true" duration-ms="442" started-at="2017-11-16T11:24:23Z" finished-at="2017-11-16T11:24:24Z">
          <reporter-output>
          </reporter-output>
        </test-method> <!-- logoutTest -->
        <test-method status="PASS" signature="postConditions()[pri:0, instance:com.kritpost.tests.OwnerCreatingCampaign_Test@53b32d7]" name="postConditions" is-config="true" duration-ms="215" started-at="2017-11-16T11:24:24Z" finished-at="2017-11-16T11:24:24Z">
          <reporter-output>
          </reporter-output>
        </test-method> <!-- postConditions -->
      </class> <!-- com.kritpost.tests.OwnerCreatingCampaign_Test -->
      <class name="com.kritpost.tests.OwnerDeleteCampaign_Test">
        <test-method status="PASS" signature="preCondition()[pri:0, instance:com.kritpost.tests.OwnerDeleteCampaign_Test@548e7350]" name="preCondition" is-config="true" duration-ms="5747" started-at="2017-11-16T11:24:40Z" finished-at="2017-11-16T11:24:45Z">
          <reporter-output>
          </reporter-output>
        </test-method> <!-- preCondition -->
        <test-method status="PASS" signature="loginTest()[pri:0, instance:com.kritpost.tests.OwnerDeleteCampaign_Test@548e7350]" name="loginTest" is-config="true" duration-ms="2781" started-at="2017-11-16T11:24:45Z" finished-at="2017-11-16T11:24:48Z">
          <reporter-output>
          </reporter-output>
        </test-method> <!-- loginTest -->
        <test-method status="PASS" signature="ownerDeletingCampaign()[pri:0, instance:com.kritpost.tests.OwnerDeleteCampaign_Test@548e7350]" name="ownerDeletingCampaign" duration-ms="5763" started-at="2017-11-16T11:24:48Z" finished-at="2017-11-16T11:24:54Z">
          <reporter-output>
          </reporter-output>
        </test-method> <!-- ownerDeletingCampaign -->
        <test-method status="PASS" signature="logoutTest()[pri:0, instance:com.kritpost.tests.OwnerDeleteCampaign_Test@548e7350]" name="logoutTest" is-config="true" duration-ms="2389" started-at="2017-11-16T11:24:54Z" finished-at="2017-11-16T11:24:56Z">
          <reporter-output>
          </reporter-output>
        </test-method> <!-- logoutTest -->
        <test-method status="PASS" signature="postConditions()[pri:0, instance:com.kritpost.tests.OwnerDeleteCampaign_Test@548e7350]" name="postConditions" is-config="true" duration-ms="219" started-at="2017-11-16T11:24:56Z" finished-at="2017-11-16T11:24:57Z">
          <reporter-output>
          </reporter-output>
        </test-method> <!-- postConditions -->
      </class> <!-- com.kritpost.tests.OwnerDeleteCampaign_Test -->
    </test> <!-- Test -->
  </suite> <!-- Suite -->
</testng-results>
