<?xml version="1.0" encoding="UTF-8"?>
<!-- Generated by org.testng.reporters.JUnitXMLReporter -->
<testsuite hostname="PARTHA-PC" ignored="0" name="Test" tests="3" failures="0" timestamp="16 Nov 2017 05:54:57 GMT" time="49.66" errors="0">
  <testcase name="creatingCampaign" time="6.958" classname="com.kritpost.tests.OwnerCreatingCampaign_Test"/>
  <testcase name="edit" time="7.192" classname="com.kritpost.tests.OwnerEditingCampaign_Test"/>
  <testcase name="ownerDeletingCampaign" time="5.763" classname="com.kritpost.tests.OwnerDeleteCampaign_Test"/>
</testsuite> <!-- Test -->
