<?xml version="1.0" encoding="UTF-8"?>
<!-- Generated by org.testng.reporters.JUnitXMLReporter -->
<testsuite hostname="PARTHA-PC" ignored="0" name="Test" tests="3" failures="0" timestamp="16 Nov 2017 06:12:44 GMT" time="44.198" errors="0">
  <testcase name="@BeforeMethod loginTest" time="15.186" classname="com.kritpost.generic.BaseTest">
    <failure type="java.lang.NullPointerException">
      <![CDATA[java.lang.NullPointerException
	at org.openqa.selenium.support.pagefactory.internal.LocatingElementHandler.invoke(LocatingElementHandler.java:51)
	at com.sun.proxy.$Proxy10.sendKeys(Unknown Source)
	at com.kritpost.pages.Login_Page.login_Field(Login_Page.java:29)
	at com.kritpost.generic.BaseTest.loginTest(BaseTest.java:38)
... Removed 31 stack frames]]>
    </failure>
  </testcase> <!-- @BeforeMethod loginTest -->
  <testcase name="@AfterMethod logoutTest" time="0.0" classname="com.kritpost.generic.BaseTest">
    <skipped/>
  </testcase> <!-- @AfterMethod logoutTest -->
  <testcase name="@AfterClass postConditions" time="0.0" classname="com.kritpost.generic.BaseTest">
    <skipped/>
  </testcase> <!-- @AfterClass postConditions -->
  <testcase name="@BeforeClass preCondition" time="0.0" classname="com.kritpost.generic.BaseTest">
    <skipped/>
  </testcase> <!-- @BeforeClass preCondition -->
  <testcase name="@BeforeMethod loginTest" time="0.0" classname="com.kritpost.generic.BaseTest">
    <skipped/>
  </testcase> <!-- @BeforeMethod loginTest -->
  <testcase name="@AfterMethod logoutTest" time="0.0" classname="com.kritpost.generic.BaseTest">
    <skipped/>
  </testcase> <!-- @AfterMethod logoutTest -->
  <testcase name="@AfterClass postConditions" time="0.0" classname="com.kritpost.generic.BaseTest">
    <skipped/>
  </testcase> <!-- @AfterClass postConditions -->
  <testcase name="@BeforeClass preCondition" time="0.0" classname="com.kritpost.generic.BaseTest">
    <skipped/>
  </testcase> <!-- @BeforeClass preCondition -->
  <testcase name="@BeforeMethod loginTest" time="0.0" classname="com.kritpost.generic.BaseTest">
    <skipped/>
  </testcase> <!-- @BeforeMethod loginTest -->
  <testcase name="@AfterMethod logoutTest" time="0.0" classname="com.kritpost.generic.BaseTest">
    <skipped/>
  </testcase> <!-- @AfterMethod logoutTest -->
  <testcase name="@AfterClass postConditions" time="0.0" classname="com.kritpost.generic.BaseTest">
    <skipped/>
  </testcase> <!-- @AfterClass postConditions -->
  <testcase name="creatingCampaign" time="0.0" classname="com.kritpost.tests.OwnerCreatingCampaign_Test">
    <skipped/>
  </testcase> <!-- creatingCampaign -->
  <testcase name="edit" time="0.0" classname="com.kritpost.tests.OwnerEditingCampaign_Test">
    <skipped/>
  </testcase> <!-- edit -->
  <testcase name="ownerDeletingCampaign" time="0.0" classname="com.kritpost.tests.OwnerDeleteCampaign_Test">
    <skipped/>
  </testcase> <!-- ownerDeletingCampaign -->
</testsuite> <!-- Test -->
