<?xml version="1.0" encoding="UTF-8"?>
<!-- Generated by org.testng.reporters.JUnitXMLReporter -->
<testsuite hostname="PARTHA-PC" ignored="0" name="Default test" tests="5" failures="0" timestamp="27 Dec 2017 11:40:42 GMT" time="99.783" errors="0">
  <testcase name="test" time="29.555" classname="molcritpost.Test1"/>
  <testcase name="test" time="15.01" classname="molcritpost.Test1"/>
  <testcase name="test" time="17.332" classname="molcritpost.Test1"/>
  <testcase name="test" time="22.876" classname="molcritpost.Test1"/>
  <testcase name="test" time="14.901" classname="molcritpost.Test1"/>
</testsuite> <!-- Default test -->
